[debug] [2021-06-27T18:42:25.094Z] ----------------------------------------------------------------------
[debug] [2021-06-27T18:42:25.095Z] Command:       C:\Program Files\nodejs\node.exe C:\Users\xatreyux\AppData\Roaming\npm\node_modules\firebase-tools\lib\bin\firebase.js init
[debug] [2021-06-27T18:42:25.095Z] CLI Version:   9.11.0
[debug] [2021-06-27T18:42:25.095Z] Platform:      win32
[debug] [2021-06-27T18:42:25.096Z] Node Version:  v14.16.1
[debug] [2021-06-27T18:42:25.096Z] Time:          Sun Jun 27 2021 14:42:25 GMT-0400 (Eastern Daylight Time)
[debug] [2021-06-27T18:42:25.096Z] ----------------------------------------------------------------------
[debug] 
[debug] [2021-06-27T18:42:25.101Z] > command requires scopes: ["email","openid","https://www.googleapis.com/auth/cloudplatformprojects.readonly","https://www.googleapis.com/auth/firebase","https://www.googleapis.com/auth/cloud-platform"]
[debug] [2021-06-27T18:42:25.101Z] > authorizing via signed-in user (mwmailing@gmail.com)
[info] 
     ######## #### ########  ######## ########     ###     ######  ########
     ##        ##  ##     ## ##       ##     ##  ##   ##  ##       ##
     ######    ##  ########  ######   ########  #########  ######  ######
     ##        ##  ##    ##  ##       ##     ## ##     ##       ## ##
     ##       #### ##     ## ######## ########  ##     ##  ######  ########

You're about to initialize a Firebase project in this directory:

  C:\Users\xatreyux\app_dev\folio-frontend

[info] 
=== Project Setup
[info] 
[info] First, let's associate this project directory with a Firebase project.
[info] You can create multiple project aliases by running firebase use --add, 
[info] but for now we'll just set up a default project.
[info] 
